app/seeds.txt
com.termux.gui.GUIActivity$Listener
com.termux.gui.protocol.protobuf.v0.GUIProt0$SetPiPModeAutoRequest$Builder
com.termux.gui.databinding.RemoteLinearlayout1Binding
com.termux.gui.protocol.protobuf.v0.GUIProt0$CreateLinearLayoutRequestOrBuilder
com.termux.gui.protocol.json.v0.HandleBuffer
com.termux.gui.protocol.protobuf.v0.GUIProt0$HideSoftKeyboardRequest
com.termux.gui.protocol.protobuf.v0.GUIProt0$RequestUnlockResponse$Builder
com.termux.gui.protocol.protobuf.v0.GUIProt0$CreateNestedScrollViewRequest
com.termux.gui.protocol.protobuf.v0.GUIProt0$SetPositionRequest
com.termux.gui.views.SnappingHorizontalScrollView
com.termux.gui.protocol.json.v0.HandleView$Companion$handleView$7
com.termux.gui.hbuffers.HBuffers
com.termux.gui.protocol.json.v0.V0Json$handleActivity$2$scale$1
com.termux.gui.protocol.protobuf.v0.GUIProt0$Event$EventCase
com.termux.gui.protocol.protobuf.v0.GUIProt0$TurnScreenOnRequest
com.termux.gui.protocol.protobuf.ProtoUtils$Companion
com.termux.gui.ConnectionHandler$run$$inlined$Runnable$1
com.termux.gui.protocol.protobuf.v0.GUIProt0$RequestUnlockRequestOrBuilder
com.termux.gui.protocol.json.v0.HandleView$Companion$handleView$41
com.termux.gui.protocol.json.v0.HandleView$Companion$handleView$19
com.termux.gui.protocol.protobuf.v0.GUIProt0$NewActivityResponseOrBuilder
com.termux.gui.protocol.protobuf.v0.GUIProt0$ToastResponse
com.termux.gui.protocol.protobuf.v0.GUIProt0$TouchEvent$Touch
com.termux.gui.protocol.protobuf.v0.GUIProt0$CreateNestedScrollViewResponse$Builder
com.termux.gui.protocol.protobuf.v0.GUIProt0$CreateEventOrBuilder
com.termux.gui.Util$Companion$setSpinnerListener$1
com.termux.gui.databinding.RemoteButton3Binding
com.termux.gui.protocol.shared.v0.DataClasses
com.termux.gui.protocol.protobuf.v0.GUIProt0$SetOrientationRequest$Orientation$OrientationVerifier
com.termux.gui.protocol.json.v0.Create$Companion$handleCreateMessage$10
com.termux.gui.protocol.protobuf.v0.GUIProt0$TurnScreenOnRequest$Builder
com.termux.gui.protocol.json.v0.HandleActivityAndTask$Companion
com.termux.gui.protocol.protobuf.v0.GUIProt0$SetPiPModeRequestOrBuilder
com.termux.gui.protocol.protobuf.v0.GUIProt0$NewActivityRequest$Builder
com.termux.gui.protocol.protobuf.v0.GUIProt0$MoveTaskToBackRequest$Builder
com.termux.gui.protocol.json.v0.HandleView$Companion$handleView$5
com.termux.gui.protocol.protobuf.v0.GUIProt0$LocaleEvent$Builder
com.termux.gui.protocol.protobuf.v0.GUIProt0$LongClickEvent
com.termux.gui.ServiceShutdownReceiver
com.termux.gui.protocol.protobuf.v0.NewActivityKt
com.termux.gui.protocol.protobuf.v0.GUIProt0$1
com.termux.gui.protocol.protobuf.v0.GUIProt0$CreateSpaceResponse
com.termux.gui.protocol.protobuf.v0.GUIProt0$StartEvent
com.termux.gui.protocol.shared.v0.V0Shared
com.termux.gui.R$id
com.termux.gui.protocol.protobuf.v0.GUIProt0$RefreshEvent
com.termux.gui.GUIWidgetConfigurationActivity
com.termux.gui.Logger
com.termux.gui.protocol.json.v0.HandleView$Companion$handleView$35
com.termux.gui.protocol.json.v0.HandleRemote$Companion
com.termux.gui.R$string
com.termux.gui.protocol.protobuf.v0.GUIProt0$CreateLinearLayoutResponse$Builder
com.termux.gui.protocol.protobuf.v0.GUIProt0$ConfigEvent$Builder
com.termux.gui.databinding.RemoteLinearlayout5Binding
com.termux.gui.GUIWidget
com.termux.gui.protocol.protobuf.v0.GUIProt0$CreateCheckboxResponseOrBuilder
com.termux.gui.protocol.protobuf.v0.GUIProt0$StopEventOrBuilder
com.termux.gui.databinding.RemoteImageview1Binding
com.termux.gui.protocol.shared.v0.V0Shared$Companion
com.termux.gui.protocol.json.v0.Create$Companion$handleCreateMessage$1
com.termux.gui.protocol.protobuf.v0.GUIProt0$CreateRadioButtonResponse$Builder
com.termux.gui.protocol.protobuf.v0.GUIProt0$Configuration$Orientation
com.termux.gui.R$mipmap
com.termux.gui.protocol.protobuf.v0.GUIProt0$CreateButtonRequest
com.termux.gui.protocol.protobuf.v0.GUIProt0$CreateSwitchResponseOrBuilder
com.termux.gui.protocol.protobuf.v0.GUIProt0$ScreenOnEvent$Builder
...
com.google.protobuf.Timestamp: void clearSeconds()
androidx.appcompat.widget.AppCompatSpinner: void setPrompt(java.lang.CharSequence)
com.google.protobuf.Timestamp: com.google.protobuf.Timestamp parseFrom(java.nio.ByteBuffer,com.google.protobuf.ExtensionRegistryLite)
com.google.protobuf.Value: com.google.protobuf.Value parseFrom(com.google.protobuf.ByteString)
androidx.constraintlayout.widget.ConstraintLayout: java.lang.String getSceneString()
com.google.android.material.chip.Chip: void setChipBackgroundColor(android.content.res.ColorStateList)
androidx.core.view.WindowInsetsCompat$Impl: boolean equals(java.lang.Object)
com.google.protobuf.Field: void clearDefaultValue()
androidx.viewpager.widget.ViewPager: int getPageMargin()
androidx.appcompat.widget.Toolbar: java.lang.CharSequence getCollapseContentDescription()
androidx.cardview.widget.CardView: android.content.res.ColorStateList getCardBackgroundColor()
androidx.core.view.WindowInsetsCompat$Impl29: androidx.core.graphics.Insets getTappableElementInsets()
com.google.protobuf.Mixin: <clinit>()
com.google.android.material.chip.Chip: void setCheckable(boolean)
com.google.protobuf.Api: void access$1800(com.google.protobuf.Api,com.google.protobuf.ByteString)
com.google.protobuf.Value: void clearBoolValue()
androidx.constraintlayout.widget.ConstraintAttribute$AttributeType: androidx.constraintlayout.widget.ConstraintAttribute$AttributeType valueOf(java.lang.String)
kotlin.coroutines.AbstractCoroutineContextElement: kotlin.coroutines.CoroutineContext plus(kotlin.coroutines.CoroutineContext)
androidx.appcompat.widget.ScrollingTabContainerView: void setAllowCollapse(boolean)
com.google.android.material.textfield.TextInputLayout: void setHint(int)
com.google.protobuf.Type: com.google.protobuf.Type$Builder newBuilder()
com.google.protobuf.Timestamp: com.google.protobuf.Timestamp access$000()
com.google.protobuf.GeneratedMessageLite$MethodToInvoke: com.google.protobuf.GeneratedMessageLite$MethodToInvoke[] values()
com.google.protobuf.Field: com.google.protobuf.ByteString getTypeUrlBytes()
com.google.protobuf.Duration: com.google.protobuf.Duration parseFrom(java.io.InputStream)
androidx.fragment.app.DialogFragment: DialogFragment()
com.google.android.material.textfield.TextInputLayout: void setErrorIconOnClickListener(android.view.View$OnClickListener)
com.google.protobuf.Int64Value: com.google.protobuf.Int64Value parseFrom(byte[])
com.google.protobuf.Mixin: void access$200(com.google.protobuf.Mixin)
androidx.appcompat.widget.Toolbar: void setTitleMarginBottom(int)
com.google.android.material.floatingactionbutton.FloatingActionButton: android.graphics.PorterDuff$Mode getSupportImageTintMode()
com.google.android.material.textfield.TextInputLayout: void setStartIconCheckable(boolean)
androidx.appcompat.widget.Toolbar: int getContentInsetEnd()
androidx.appcompat.widget.AppCompatEditText: void initEmojiKeyListener(androidx.appcompat.widget.AppCompatEmojiEditTextHelper)
androidx.lifecycle.ReportFragment$LifecycleCallbacks: void onActivitySaveInstanceState(android.app.Activity,android.os.Bundle)
com.google.protobuf.Enum: void clearOptions()
androidx.core.widget.NestedScrollView: boolean onNestedFling(android.view.View,float,float,boolean)
androidx.core.view.WindowInsetsCompat$Impl: androidx.core.graphics.Insets getStableInsets()
androidx.core.view.ViewCompat$Api16Impl: void postInvalidateOnAnimation(android.view.View)
com.google.protobuf.Int32Value: void clearValue()
com.google.protobuf.Api: java.util.List getMixinsList()
com.google.android.material.appbar.AppBarLayout: void setOrientation(int)
com.google.protobuf.Field: void setKindValue(int)
com.google.protobuf.AbstractMessageLite: void checkByteStringIsUtf8(com.google.protobuf.ByteString)
com.google.protobuf.Type: void addAllOneofs(java.lang.Iterable)
com.google.protobuf.Struct: com.google.protobuf.Struct parseDelimitedFrom(java.io.InputStream,com.google.protobuf.ExtensionRegistryLite)