app/mapping.txt
# compiler: R8
# compiler_version: 3.1.66
# min_api: 24
# pg_map_id: 1e0b870
# common_typos_disable
# {"id":"com.android.tools.r8.mapping","version":"1.0"}
com.termux.gui.App -> com.termux.gui.App:
# {"id":"sourceFile","fileName":"App.kt"}
    11:11:void <init>() -> <init>
    11:11:com.termux.gui.App access$getAPP$cp() -> access$getAPP$cp
    11:11:void access$setAPP$cp(com.termux.gui.App) -> access$setAPP$cp
    16:29:void onCreate() -> onCreate
    28:28:void onCreate$lambda-1(java.lang.Thread,java.lang.Throwable) -> onCreate$lambda-1
com.termux.gui.App$$ExternalSyntheticLambda0 -> com.termux.gui.App$$ExternalSyntheticLambda0:
# {"id":"sourceFile","fileName":"R8$$SyntheticClass"}
# {"id":"com.android.tools.r8.synthesized"}
    com.termux.gui.App$$InternalSyntheticLambda$0$6db03761590ec6a7a8e6bff01403c820008f47180785dcc31c9858691773b582$0 com.termux.gui.App$$InternalSyntheticLambda$0$6db03761590ec6a7a8e6bff01403c820008f47180785dcc31c9858691773b582$0.INSTANCE -> INSTANCE
    void com.termux.gui.App$$InternalSyntheticLambda$0$6db03761590ec6a7a8e6bff01403c820008f47180785dcc31c9858691773b582$0.<clinit>() -> <clinit>
      # {"id":"com.android.tools.r8.synthesized"}
    void com.termux.gui.App$$InternalSyntheticLambda$0$6db03761590ec6a7a8e6bff01403c820008f47180785dcc31c9858691773b582$0.<init>() -> <init>
      # {"id":"com.android.tools.r8.synthesized"}
    void com.termux.gui.App$$InternalSyntheticLambda$0$6db03761590ec6a7a8e6bff01403c820008f47180785dcc31c9858691773b582$0.uncaughtException(java.lang.Thread,java.lang.Throwable) -> uncaughtException
      # {"id":"com.android.tools.r8.synthesized"}
com.termux.gui.App$Companion -> com.termux.gui.App$Companion:
# {"id":"sourceFile","fileName":"App.kt"}
    12:12:void <init>() -> <init>
    13:13:com.termux.gui.App getAPP() -> getAPP
    13:13:void setAPP(com.termux.gui.App) -> setAPP
com.termux.gui.BuildConfig -> com.termux.gui.BuildConfig:
    7:7:void <clinit>() -> <clinit>
    6:6:void <init>() -> <init>
com.termux.gui.ConnectionHandler -> com.termux.gui.ConnectionHandler:
# {"id":"sourceFile","fileName":"ConnectionHandler.kt"}
    33:38:void <clinit>() -> <clinit>
    24:24:com.termux.gui.ConnectionHandler$Event access$getINVALID_METHOD$cp() -> <init>
    24:24:void <init>(com.termux.gui.GUIService$ConnectionRequest,com.termux.gui.GUIService):24 -> <init>
    47:49:void <init>(com.termux.gui.GUIService$ConnectionRequest,com.termux.gui.GUIService) -> <init>
    24:24:com.termux.gui.ConnectionHandler$Event access$getINVALID_METHOD$cp() -> <init>
    24:24:void <init>(com.termux.gui.GUIService$ConnectionRequest,com.termux.gui.GUIService):24 -> <init>
    24:24:com.termux.gui.ConnectionHandler$Event access$getINVALID_METHOD$cp() -> access$getGson$cp
    24:24:com.google.gson.Gson access$getGson$cp():24 -> access$getGson$cp
    24:24:com.termux.gui.ConnectionHandler$Event access$getINVALID_METHOD$cp() -> access$getINVALID_METHOD$cp
    24:24:com.termux.gui.ConnectionHandler$Event access$getINVALID_METHOD$cp() -> getService
    24:24:com.termux.gui.GUIService getService():24 -> getService
    55:61:void run() -> run
    17:17:java.lang.Runnable kotlinx.coroutines.RunnableKt.Runnable(kotlin.jvm.functions.Function0) -> run
    17:17:void run():61 -> run
    61:156:void run() -> run
    107:124:void run$lambda-3$lambda-2$lambda-1(int,android.net.LocalSocket,com.termux.gui.ConnectionHandler) -> run$lambda-3$lambda-2$lambda-1
...
androidx.fragment.app.FragmentController -> androidx.fragment.app.FragmentController:
    60:62:void <init>(androidx.fragment.app.FragmentHostCallback) -> <init>
    116:118:void attachHost(androidx.fragment.app.Fragment) -> attachHost
    57:57:androidx.fragment.app.FragmentController createController(androidx.fragment.app.FragmentHostCallback) -> createController
    251:252:void dispatchActivityCreated() -> dispatchActivityCreated
    367:368:void dispatchConfigurationChanged(android.content.res.Configuration) -> dispatchConfigurationChanged
    429:429:boolean dispatchContextItemSelected(android.view.MenuItem) -> dispatchContextItemSelected
    240:241:void dispatchCreate() -> dispatchCreate
    391:391:boolean dispatchCreateOptionsMenu(android.view.Menu,android.view.MenuInflater) -> dispatchCreateOptionsMenu
    334:335:void dispatchDestroy() -> dispatchDestroy
    379:380:void dispatchLowMemory() -> dispatchLowMemory
    345:346:void dispatchMultiWindowModeChanged(boolean) -> dispatchMultiWindowModeChanged
    416:416:boolean dispatchOptionsItemSelected(android.view.MenuItem) -> dispatchOptionsItemSelected
    440:441:void dispatchOptionsMenuClosed(android.view.Menu) -> dispatchOptionsMenuClosed
    284:285:void dispatchPause() -> dispatchPause
    356:357:void dispatchPictureInPictureModeChanged(boolean) -> dispatchPictureInPictureModeChanged
    403:403:boolean dispatchPrepareOptionsMenu(android.view.Menu) -> dispatchPrepareOptionsMenu
androidx.fragment.app.FragmentFactory -> androidx.fragment.app.FragmentFactory:
    33:33:void <clinit>() -> <clinit>
    31:31:void <init>() -> <init>
    70:73:boolean isFragmentClass(java.lang.ClassLoader,java.lang.String) -> isFragmentClass
    45:56:java.lang.Class loadClass(java.lang.ClassLoader,java.lang.String) -> loadClass
    94:100:java.lang.Class loadFragmentClass(java.lang.ClassLoader,java.lang.String) -> loadFragmentClass
androidx.fragment.app.FragmentHostCallback -> androidx.fragment.app.FragmentHostCallback:
    91:92:void <init>(androidx.fragment.app.FragmentActivity) -> <init>
    81:100:void <init>(android.app.Activity,android.content.Context,android.os.Handler,int) -> <init>
    242:242:android.app.Activity getActivity() -> getActivity
    247:247:android.content.Context getContext() -> getContext
    252:252:android.os.Handler getHandler() -> getHandler
    232:232:android.view.View onFindViewById(int) -> onFindViewById
    128:128:android.view.LayoutInflater onGetLayoutInflater() -> onGetLayoutInflater
    237:237:boolean onHasView() -> onHasView
    119:119:boolean onShouldSaveFragmentState(androidx.fragment.app.Fragment) -> onShouldSaveFragmentState
    162:167:void onStartActivityFromFragment(androidx.fragment.app.Fragment,android.content.Intent,int,android.os.Bundle) -> onStartActivityFromFragment
    184:190:void onStartIntentSenderFromFragment(androidx.fragment.app.Fragment,android.content.IntentSender,int,android.content.Intent,int,int,int,android.os.Bundle) -> onStartIntentSenderFromFragment
    144:144:void onSupportInvalidateOptionsMenu() -> onSupportInvalidateOptionsMenu
androidx.fragment.app.FragmentLayoutInflaterFactory -> androidx.fragment.app.FragmentLayoutInflaterFactory:
    36:38:void <init>(androidx.fragment.app.FragmentManager) -> <init>
    44:44:android.view.View onCreateView(java.lang.String,android.content.Context,android.util.AttributeSet) -> onCreateView
    51:173:android.view.View onCreateView(android.view.View,java.lang.String,android.content.Context,android.util.AttributeSet) -> onCreateView
androidx.fragment.app.FragmentLayoutInflaterFactory$1 -> androidx.fragment.app.FragmentLayoutInflaterFactory$1:
    158:158:void <init>(androidx.fragment.app.FragmentLayoutInflaterFactory,androidx.fragment.app.FragmentStateManager) -> <init>
    161:167:void onViewAttachedToWindow(android.view.View) -> onViewAttachedToWindow
    170:170:void onViewDetachedFromWindow(android.view.View) -> onViewDetachedFromWindow